<?xml version="1.0" encoding="UTF-8"?>
<Site BuildName="(empty)"
	BuildStamp="20240912-0012-Experimental"
	Name="adesh-Predator-PH315-53"
	Generator="ctest-3.16.3"
	CompilerName="/usr/bin/c++"
	CompilerVersion="9.4.0"
	OSName="Linux"
	Hostname="adesh-Predator-PH315-53"
	OSRelease="5.15.0-119-generic"
	OSVersion="#129~20.04.1-Ubuntu SMP Wed Aug 7 13:07:13 UTC 2024"
	OSPlatform="x86_64"
	Is64Bits="1"
	VendorString="GenuineIntel"
	VendorID="Intel Corporation"
	FamilyID="6"
	ModelID="165"
	ProcessorCacheSize="12288"
	NumberOfLogicalCPU="12"
	NumberOfPhysicalCPU="6"
	TotalVirtualMemory="30516"
	TotalPhysicalMemory="31921"
	LogicalProcessorsPerPhysical="2"
	ProcessorClockFrequency="3500.01"
	>
	<Testing>
		<StartDateTime>Sep 12 10:12 AEST</StartDateTime>
		<StartTestTime>1726099925</StartTestTime>
		<TestList/>
		<EndDateTime>Sep 12 10:12 AEST</EndDateTime>
		<EndTestTime>1726099925</EndTestTime>
		<ElapsedMinutes>0</ElapsedMinutes>
	</Testing>
</Site>
